1654246287617	geckodriver	INFO	Listening on 127.0.0.1:57975
1654666519717	geckodriver	INFO	Listening on 127.0.0.1:61917
1654666522802	mozrunner::runner	INFO	Running command: "C:\\Program Files\\Mozilla Firefox\\firefox.exe" "--marionette" "--remote-debugging-port" "61918" "--remote-allow-hosts" "localhost" "-no-remote" "-profile" "C:\\Users\\hp\\AppData\\Local\\Temp\\rust_mozprofileHAhzLq"
1654666523859	Marionette	INFO	Marionette enabled
WebDriver BiDi listening on ws://localhost:61918
console.warn: SearchSettings: "get: No settings file exists, new profile?" (new NotFoundError("Could not open the file at C:\\Users\\hp\\AppData\\Local\\Temp\\rust_mozprofileHAhzLq\\search.json.mozlz4", (void 0)))
1654666527770	Marionette	INFO	Listening on port 61941
DevTools listening on ws://localhost:61918/devtools/browser/b98944c9-401d-4efb-9a6d-170d98d0d494
Read port: 61941
1654666527860	RemoteAgent	WARN	TLS certificate errors will be ignored for this session
1654666535080	Marionette	INFO	Stopped listening on port 61941
console.warn: TopSitesFeed: Failed to fetch data from Contile server: NetworkError when attempting to fetch resource.
[Parent 14872, IPC I/O Parent] WARNING: DuplicateHandle failed for handle 0 in TransferHandles: file /builds/worker/checkouts/gecko/ipc/chromium/src/chrome/common/ipc_channel_win.cc:723
1654667157492	geckodriver	INFO	Listening on 127.0.0.1:62013
1654667160554	mozrunner::runner	INFO	Running command: "C:\\Program Files\\Mozilla Firefox\\firefox.exe" "--marionette" "--remote-debugging-port" "62014" "--remote-allow-hosts" "localhost" "-no-remote" "-profile" "C:\\Users\\hp\\AppData\\Local\\Temp\\rust_mozprofileJNw5GA"
1654667161232	Marionette	INFO	Marionette enabled
WebDriver BiDi listening on ws://localhost:62014
console.warn: SearchSettings: "get: No settings file exists, new profile?" (new NotFoundError("Could not open the file at C:\\Users\\hp\\AppData\\Local\\Temp\\rust_mozprofileJNw5GA\\search.json.mozlz4", (void 0)))
1654667164303	Marionette	INFO	Listening on port 62038
Read port: 62038
1654667164362	RemoteAgent	WARN	TLS certificate errors will be ignored for this session
DevTools listening on ws://localhost:62014/devtools/browser/c8ced5b4-2fa2-4414-8018-a6c5d1c9d188
1654667174615	Marionette	INFO	Stopped listening on port 62038
console.warn: TopSitesFeed: Failed to fetch data from Contile server: NetworkError when attempting to fetch resource.
1654667183877	geckodriver	INFO	Listening on 127.0.0.1:62064
1654667186918	mozrunner::runner	INFO	Running command: "C:\\Program Files\\Mozilla Firefox\\firefox.exe" "--marionette" "--remote-debugging-port" "62065" "--remote-allow-hosts" "localhost" "-no-remote" "-profile" "C:\\Users\\hp\\AppData\\Local\\Temp\\rust_mozprofileu5fcAA"
1654667187585	Marionette	INFO	Marionette enabled
WebDriver BiDi listening on ws://localhost:62065
console.warn: SearchSettings: "get: No settings file exists, new profile?" (new NotFoundError("Could not open the file at C:\\Users\\hp\\AppData\\Local\\Temp\\rust_mozprofileu5fcAA\\search.json.mozlz4", (void 0)))
1654667190858	Marionette	INFO	Listening on port 62087
Read port: 62087
DevTools listening on ws://localhost:62065/devtools/browser/cc7401d6-b539-4ac2-8037-d3204196436a
1654667190962	RemoteAgent	WARN	TLS certificate errors will be ignored for this session
1654667197442	Marionette	INFO	Stopped listening on port 62087
console.warn: TopSitesFeed: Failed to fetch data from Contile server: NetworkError when attempting to fetch resource.
1654667235863	geckodriver	INFO	Listening on 127.0.0.1:62118
1654667238928	mozrunner::runner	INFO	Running command: "C:\\Program Files\\Mozilla Firefox\\firefox.exe" "--marionette" "--remote-debugging-port" "62119" "--remote-allow-hosts" "localhost" "-no-remote" "-profile" "C:\\Users\\hp\\AppData\\Local\\Temp\\rust_mozprofile7BWgZJ"
1654667239544	Marionette	INFO	Marionette enabled
WebDriver BiDi listening on ws://localhost:62119
console.warn: SearchSettings: "get: No settings file exists, new profile?" (new NotFoundError("Could not open the file at C:\\Users\\hp\\AppData\\Local\\Temp\\rust_mozprofile7BWgZJ\\search.json.mozlz4", (void 0)))
1654667242748	Marionette	INFO	Listening on port 62142
DevTools listening on ws://localhost:62119/devtools/browser/db24b103-2d75-4d0f-9fe2-aa1641855fd1
Read port: 62142
1654667242907	RemoteAgent	WARN	TLS certificate errors will be ignored for this session
1654667252568	Marionette	INFO	Stopped listening on port 62142
console.warn: TopSitesFeed: Failed to fetch data from Contile server: NetworkError when attempting to fetch resource.
1654667276339	geckodriver	INFO	Listening on 127.0.0.1:62173
1654667279373	mozrunner::runner	INFO	Running command: "C:\\Program Files\\Mozilla Firefox\\firefox.exe" "--marionette" "--remote-debugging-port" "62174" "--remote-allow-hosts" "localhost" "-no-remote" "-profile" "C:\\Users\\hp\\AppData\\Local\\Temp\\rust_mozprofileHQJhgn"
1654667280137	Marionette	INFO	Marionette enabled
WebDriver BiDi listening on ws://localhost:62174
console.warn: SearchSettings: "get: No settings file exists, new profile?" (new NotFoundError("Could not open the file at C:\\Users\\hp\\AppData\\Local\\Temp\\rust_mozprofileHQJhgn\\search.json.mozlz4", (void 0)))
1654667283268	Marionette	INFO	Listening on port 62197
DevTools listening on ws://localhost:62174/devtools/browser/9c0944aa-8ec4-44df-88e3-6c17890af5f7
Read port: 62197
1654667283372	RemoteAgent	WARN	TLS certificate errors will be ignored for this session
1654667367939	Marionette	INFO	Stopped listening on port 62197
1654667374111	geckodriver	INFO	Listening on 127.0.0.1:62231
1654667377165	mozrunner::runner	INFO	Running command: "C:\\Program Files\\Mozilla Firefox\\firefox.exe" "--marionette" "--remote-debugging-port" "62232" "--remote-allow-hosts" "localhost" "-no-remote" "-profile" "C:\\Users\\hp\\AppData\\Local\\Temp\\rust_mozprofiletOOWUm"
1654667377798	Marionette	INFO	Marionette enabled
WebDriver BiDi listening on ws://localhost:62232
console.warn: SearchSettings: "get: No settings file exists, new profile?" (new NotFoundError("Could not open the file at C:\\Users\\hp\\AppData\\Local\\Temp\\rust_mozprofiletOOWUm\\search.json.mozlz4", (void 0)))
1654667381090	Marionette	INFO	Listening on port 62255
Read port: 62255
DevTools listening on ws://localhost:62232/devtools/browser/8d18d0a4-8a3b-426c-ba90-f62bb47d6b35
1654667381208	RemoteAgent	WARN	TLS certificate errors will be ignored for this session
1654667387836	Marionette	INFO	Stopped listening on port 62255
console.warn: TopSitesFeed: Failed to fetch data from Contile server: NetworkError when attempting to fetch resource.
1654667401449	geckodriver	INFO	Listening on 127.0.0.1:62284
1654667404510	mozrunner::runner	INFO	Running command: "C:\\Program Files\\Mozilla Firefox\\firefox.exe" "--marionette" "--remote-debugging-port" "62285" "--remote-allow-hosts" "localhost" "-no-remote" "-profile" "C:\\Users\\hp\\AppData\\Local\\Temp\\rust_mozprofileoH7p6R"
1654667405098	Marionette	INFO	Marionette enabled
WebDriver BiDi listening on ws://localhost:62285
console.warn: SearchSettings: "get: No settings file exists, new profile?" (new NotFoundError("Could not open the file at C:\\Users\\hp\\AppData\\Local\\Temp\\rust_mozprofileoH7p6R\\search.json.mozlz4", (void 0)))
1654667408356	Marionette	INFO	Listening on port 62307
DevTools listening on ws://localhost:62285/devtools/browser/570bee40-7c40-4381-ac34-a65b7305588b
Read port: 62307
1654667408466	RemoteAgent	WARN	TLS certificate errors will be ignored for this session
1654667415235	Marionette	INFO	Stopped listening on port 62307
console.warn: TopSitesFeed: Failed to fetch data from Contile server: NetworkError when attempting to fetch resource.
